<?xml version="1.0" encoding="UTF-8"?>
<testsuite xmlns:xsi="http://www.w3.org/2001/XMLSchema-instance" xsi:noNamespaceSchemaLocation="https://maven.apache.org/surefire/maven-surefire-plugin/xsd/surefire-test-report-3.0.xsd" version="3.0" name="TournamentTest" time="0.022" tests="15" errors="0" skipped="0" failures="0">
  <properties>
[...]
</properties>
  <testcase name="testAddTeam_teamAppearsInList" classname="TournamentTest" time="0.001"/>
  <testcase name="testAddTeam_transitionsToSetup" classname="TournamentTest" time="0.001"/>
  <testcase name="testGenerateBracket_oddTeams_nonRoundRobin_throwsException" classname="TournamentTest" time="0.001"/>
  <testcase name="testInitialState_isIdle" classname="TournamentTest" time="0.001"/>
  <testcase name="testSetName_updatesName" classname="TournamentTest" time="0.001"/>
  <testcase name="testGenerateBracket_singleElim_4teams_creates2Matches" classname="TournamentTest" time="0.001">
    <system-out><![CDATA[Bracket generated: 2 matches created
]]></system-out>
  </testcase>
  <testcase name="testAddTeam_multipleTeams_allAdded" classname="TournamentTest" time="0.001"/>
  <testcase name="testGenerateBracket_roundRobin_4teams_creates6Matches" classname="TournamentTest" time="0.001">
    <system-out><![CDATA[Bracket generated: 6 matches created
]]></system-out>
  </testcase>
  <testcase name="testGetCommandHistory_notNull" classname="TournamentTest" time="0.002"/>
  <testcase name="testAddTeam_exceedsMax_throwsException" classname="TournamentTest" time="0.001"/>
  <testcase name="testGenerateBracket_notEnoughTeams_throwsException" classname="TournamentTest" time="0.001"/>
  <testcase name="testGenerateBracket_matchListIsNotEmpty" classname="TournamentTest" time="0.0">
    <system-out><![CDATA[Bracket generated: 2 matches created
]]></system-out>
  </testcase>
  <testcase name="testAddTeam_statsAreInitialized" classname="TournamentTest" time="0.0"/>
  <testcase name="testGenerateBracket_transitionsToInProgress" classname="TournamentTest" time="0.001">
    <system-out><![CDATA[Bracket generated: 2 matches created
]]></system-out>
  </testcase>
  <testcase name="testGetMatchHistory_initiallyEmpty" classname="TournamentTest" time="0.001"/>
</testsuite>